c645 p678 2 1390
c370 p252 7 1883
c768 p63 7 560
c864 p822 4 3356
c290 p877 6 5364
c63 p950 9 8703
c202 p961 6 5868
c794 p42 9 531
c734 p735 10 7520
c336 p609 9 5634
c302 p955 6 5832
c345 p436 6 2718
c478 p39 3 168
c494 p305 7 2254
c638 p286 1 303
c16 p50 1 67
c715 p367 9 3456
c856 p43 3 180
c479 p517 2 1068
c233 p432 6 2694
c52 p729 7 5222
c624 p396 7 2891
c186 p684 5 3505
c476 p390 5 2035
c594 p779 4 3184
c21 p170 3 561
c959 p350 9 3303
c565 p633 1 650
c957 p786 9 7227
c320 p229 5 1230
c792 p856 5 4365
c940 p881 10 8980
c918 p333 6 2100
c515 p550 10 5670
c518 p590 2 1214
c561 p227 9 2196
c246 p102 9 1071
c156 p862 2 1758
c501 p202 9 1971
c15 p911 3 2784
c143 p60 5 385
c221 p899 3 2748
c149 p440 2 914
c188 p860 8 7016
c746 p919 9 8424
c542 p716 8 5864
c658 p836 4 3412
c889 p288 10 3050
c350 p523 10 5400
c258 p298 8 2520
c944 p228 10 2450
c564 p501 3 1554
c990 p65 10 820
c236 p573 2 1180
c552 p103 4 480
c536 p458 3 1425
c377 p599 10 6160
c726 p734 4 3004
c912 p828 8 6760
c683 p844 6 5166
c719 p983 9 9000
c989 p52 9 621
c24 p488 9 4545
c892 p813 7 5810
c639 p932 3 2847
c560 p40 10 570
c13 p766 6 4698
c662 p172 2 378
c159 p979 10 9960
c57 p932 4 3796
c21 p284 10 3010
c611 p937 5 4770
c527 p744 7 5327
c714 p748 3 2295
c283 p926 3 2829
c983 p407 10 4240
c322 p462 2 958
c318 p284 6 1806
c165 p31 6 288
c729 p510 4 2108
c121 p685 10 7020
c78 p961 5 4890
c591 p592 2 1218
